
The following have been reloaded with a version change:
  1) GCC/5.4.0-2.26 => GCC/4.9.3-2.25
  2) GCCcore/5.4.0 => GCCcore/4.9.3
  3) binutils/2.26-GCCcore-5.4.0 => binutils/2.25-GCCcore-4.9.3

Traceback (most recent call last):
  File "construct_vid.py", line 61, in <module>
    run_samples(samples, config)
  File "construct_vid.py", line 32, in run_samples
    constructer = render_3D.frame_constucter(config, samples.im_file[0], samples.depth_file[0], len(samples.frame_num))
KeyError: 0
srun: error: compute218: task 0: Exited with exit code 1
